<?xml version="1.0" encoding="UTF-8"?>
<!-- Generated by org.testng.reporters.JUnitXMLReporter -->
<testsuite ignored="0" hostname="DESKTOP-TMCCAJ2" failures="0" tests="4" name="TestSuite" time="0.113" errors="0" timestamp="2023-03-29T16:42:45 IST">
  <testcase classname="groupingDemo.Grouping" name="test1" time="0.021"/>
  <testcase classname="groupingDemo.Grouping" name="test2" time="0.003"/>
  <testcase classname="groupingDemo.Grouping" name="test3" time="0.003"/>
  <testcase classname="groupingDemo.Grouping" name="test4" time="0.003"/>
</testsuite> <!-- TestSuite -->
