<?xml version="1.0" encoding="UTF-8"?>
<!-- Generated by org.testng.reporters.JUnitXMLReporter -->
<testsuite ignored="2" hostname="DESKTOP-TMCCAJ2" failures="0" tests="1" name="TestSuiteDemo2(failed)(failed)" time="0.087" errors="0" timestamp="2023-03-27T17:57:52 IST">
  <testcase classname="keywordsInTestNG.DependsOnMethods" name="ghi" time="0.02"/>
  <testcase classname="keywordsInTestNG.DependsOnMethods" name="def" time="0.0">
    <ignored/>
  </testcase> <!-- def -->
  <testcase classname="keywordsInTestNG.DependsOnMethods" name="abc" time="0.0">
    <ignored/>
  </testcase> <!-- abc -->
</testsuite> <!-- TestSuiteDemo2(failed)(failed) -->
