<?xml version="1.0" encoding="UTF-8"?>
<!-- Generated by org.testng.reporters.JUnitXMLReporter -->
<testsuite ignored="0" hostname="DESKTOP-TMCCAJ2" failures="0" tests="5" name="TestSuiteDemo1" time="0.139" errors="0" timestamp="2023-03-27T17:30:34 IST">
  <testcase classname="keywordsInTestNG.PriorityKeyword" name="abc" time="0.026"/>
  <testcase classname="keywordsInTestNG.PriorityKeyword" name="def" time="0.003"/>
  <testcase classname="keywordsInTestNG.PriorityKeyword" name="ghi" time="0.004"/>
  <testcase classname="keywordsInTestNG.PriorityKeyword" name="jkl" time="0.002"/>
  <testcase classname="keywordsInTestNG.PriorityKeyword" name="mno" time="0.004"/>
</testsuite> <!-- TestSuiteDemo1 -->
