<?xml version="1.0" encoding="UTF-8"?>
<!-- Generated by org.testng.reporters.JUnitXMLReporter -->
<testsuite ignored="1" hostname="DESKTOP-TMCCAJ2" failures="2" tests="14" name="TestSuiteDemo2" time="5.279" errors="0" timestamp="2023-03-27T18:32:59 IST">
  <testcase classname="keywordsInTestNG.Enabled" name="abc" time="0.025"/>
  <testcase classname="keywordsInTestNG.DependsOnMethods" name="abc" time="0.01">
    <failure type="java.lang.AssertionError">
      <![CDATA[java.lang.AssertionError
at org.junit.Assert.fail(Assert.java:86)
at org.junit.Assert.fail(Assert.java:95)
at keywordsInTestNG.DependsOnMethods.abc(DependsOnMethods.java:18)
at java.base/java.util.ArrayList.forEach(ArrayList.java:1511)
... Removed 25 stack frames]]>
    </failure>
  </testcase> <!-- abc -->
  <testcase classname="keywordsInTestNG.DependsOnMethods" name="def" time="0.0">
    <skipped/>
  </testcase> <!-- def -->
  <testcase classname="keywordsInTestNG.DependsOnMethods" name="ghi" time="0.004"/>
  <testcase classname="keywordsInTestNG.InvocationCount" name="jkl" time="0.003"/>
  <testcase classname="keywordsInTestNG.InvocationCount" name="jkl" time="0.007"/>
  <testcase classname="keywordsInTestNG.InvocationCount" name="jkl" time="0.008"/>
  <testcase classname="keywordsInTestNG.PriorityKeyword" name="abc" time="0.005"/>
  <testcase classname="keywordsInTestNG.PriorityKeyword" name="def" time="0.009"/>
  <testcase classname="keywordsInTestNG.PriorityKeyword" name="ghi" time="0.003"/>
  <testcase classname="keywordsInTestNG.PriorityKeyword" name="jkl" time="0.002"/>
  <testcase classname="keywordsInTestNG.PriorityKeyword" name="mno" time="0.005"/>
  <testcase classname="keywordsInTestNG.Timeouts" name="def" time="0.013"/>
  <testcase classname="keywordsInTestNG.Timeouts" name="ghi" time="5.017">
    <failure type="org.testng.internal.thread.ThreadTimeoutException" message="Method keywordsInTestNG.Timeouts.ghi() didn&amp;apos;t finish within the time-out 5000">
      <![CDATA[org.testng.internal.thread.ThreadTimeoutException: Method keywordsInTestNG.Timeouts.ghi() didn't finish within the time-out 5000
at java.base/java.util.ArrayList.forEach(ArrayList.java:1511)
... Removed 24 stack frames]]>
    </failure>
  </testcase> <!-- ghi -->
  <testcase classname="keywordsInTestNG.Enabled" name="def" time="0.0">
    <ignored/>
  </testcase> <!-- def -->
</testsuite> <!-- TestSuiteDemo2 -->
