<?xml version="1.0" encoding="UTF-8"?>
<!-- Generated by org.testng.reporters.JUnitXMLReporter -->
<testsuite ignored="2" hostname="DESKTOP-TMCCAJ2" failures="1" tests="3" name="TestSuite(failed)(failed)" time="5.151" errors="0" timestamp="2023-03-29T16:07:23 IST">
  <testcase classname="keywordsInTestNG.Timeouts" name="ghi" time="5.036">
    <failure type="org.testng.internal.thread.ThreadTimeoutException" message="Method keywordsInTestNG.Timeouts.ghi() didn&amp;apos;t finish within the time-out 5000">
      <![CDATA[org.testng.internal.thread.ThreadTimeoutException: Method keywordsInTestNG.Timeouts.ghi() didn't finish within the time-out 5000
at java.base/java.util.ArrayList.forEach(ArrayList.java:1511)
... Removed 24 stack frames]]>
    </failure>
  </testcase> <!-- ghi -->
  <testcase classname="keywordsInTestNG.DependsOnMethods" name="abc" time="0.004"/>
  <testcase classname="keywordsInTestNG.DependsOnMethods" name="def" time="0.009"/>
  <testcase classname="keywordsInTestNG.Timeouts" name="def" time="0.0">
    <ignored/>
  </testcase> <!-- def -->
  <testcase classname="keywordsInTestNG.DependsOnMethods" name="ghi" time="0.0">
    <ignored/>
  </testcase> <!-- ghi -->
</testsuite> <!-- TestSuite(failed)(failed) -->
