<?xml version="1.0" encoding="UTF-8"?>
<!-- Generated by org.testng.reporters.JUnitXMLReporter -->
<testsuite ignored="1" hostname="DESKTOP-TMCCAJ2" failures="0" tests="3" name="TestSuiteDemo" time="0.109" errors="0" timestamp="2023-03-29T16:55:43 IST">
  <testcase classname="groupingDemo.MetaGroup" name="test1" time="0.021"/>
  <testcase classname="groupingDemo.MetaGroup" name="test2" time="0.005"/>
  <testcase classname="groupingDemo.MetaGroup" name="test4" time="0.004"/>
  <testcase classname="groupingDemo.MetaGroup" name="test3" time="0.0">
    <ignored/>
  </testcase> <!-- test3 -->
</testsuite> <!-- TestSuiteDemo -->
