<?xml version="1.0" encoding="UTF-8"?>
<!-- Generated by org.testng.reporters.JUnitXMLReporter -->
<testsuite ignored="3" hostname="DESKTOP-TMCCAJ2" failures="0" tests="1" name="TestSuite" time="0.112" errors="0" timestamp="2023-03-29T15:58:52 IST">
  <testcase classname="groupingDemo.Grouping" name="test2" time="0.025"/>
  <testcase classname="groupingDemo.Grouping" name="test1" time="0.0">
    <ignored/>
  </testcase> <!-- test1 -->
  <testcase classname="groupingDemo.Grouping" name="test4" time="0.0">
    <ignored/>
  </testcase> <!-- test4 -->
  <testcase classname="groupingDemo.Grouping" name="test3" time="0.0">
    <ignored/>
  </testcase> <!-- test3 -->
</testsuite> <!-- TestSuite -->
